SF:lib/core/network/network_info.dart
DA:11,1
DA:13,1
DA:14,2
LF:3
LH:3
end_of_record
SF:lib/features/weather_retrieval/data/datasources/weather_remote_data_source.dart
DA:31,1
DA:33,1
DA:35,2
DA:36,2
DA:37,1
DA:42,2
DA:43,3
DA:45,1
DA:48,1
DA:50,2
DA:51,2
DA:52,1
DA:57,2
DA:58,3
DA:60,1
DA:64,1
DA:66,2
DA:67,2
DA:68,1
DA:73,2
DA:74,3
DA:76,1
LF:22
LH:22
end_of_record
SF:lib/features/weather_retrieval/data/models/current_weather_model.dart
DA:48,4
DA:64,4
DA:65,4
DA:66,12
DA:67,4
DA:68,20
DA:70,4
DA:71,12
DA:72,4
DA:73,12
DA:74,12
DA:75,4
DA:76,12
DA:77,4
DA:78,4
DA:79,4
DA:80,8
DA:84,1
DA:85,1
DA:86,1
DA:87,3
DA:89,1
DA:90,6
DA:92,2
DA:93,1
DA:94,3
DA:96,2
DA:97,1
DA:98,3
DA:100,1
DA:101,3
DA:103,2
DA:104,1
DA:105,3
DA:107,2
DA:108,2
DA:109,2
DA:110,2
DA:114,3
DA:115,3
DA:116,3
DA:117,3
DA:118,3
DA:119,3
DA:120,3
DA:121,3
DA:122,3
DA:123,3
DA:124,3
DA:125,3
DA:126,3
DA:127,3
DA:128,3
DA:140,4
DA:145,4
DA:146,4
DA:147,4
DA:148,4
DA:152,1
DA:153,1
DA:154,2
DA:155,2
DA:159,3
DA:160,9
DA:177,4
DA:184,4
DA:185,4
DA:186,4
DA:187,4
DA:188,4
DA:189,4
DA:193,1
DA:194,1
DA:195,2
DA:196,2
DA:197,2
DA:198,2
DA:202,3
DA:203,15
DA:226,4
DA:235,4
DA:236,4
DA:237,4
DA:238,4
DA:239,4
DA:240,4
DA:241,4
DA:242,4
DA:246,1
DA:247,1
DA:248,2
DA:249,2
DA:250,2
DA:251,2
DA:252,2
DA:253,2
DA:257,3
DA:258,21
DA:269,4
DA:274,4
DA:275,4
DA:276,4
DA:277,4
DA:281,1
DA:282,1
DA:283,2
DA:284,2
DA:288,3
DA:289,9
DA:297,4
DA:301,4
DA:302,4
DA:303,4
DA:307,1
DA:308,1
DA:309,2
DA:313,3
DA:314,6
DA:334,4
DA:342,4
DA:343,4
DA:344,4
DA:345,4
DA:346,4
DA:347,4
DA:348,4
DA:352,1
DA:353,1
DA:354,2
DA:355,2
DA:356,2
DA:357,2
DA:358,2
DA:362,3
DA:363,18
LF:135
LH:135
end_of_record
SF:lib/features/weather_retrieval/data/models/current_weather_model.g.dart
DA:13,0
DA:15,0
DA:16,0
DA:17,0
DA:19,0
DA:20,0
DA:21,0
DA:22,0
DA:23,0
DA:24,0
DA:25,0
DA:26,0
DA:27,0
DA:28,0
DA:29,0
DA:30,0
DA:31,0
DA:32,0
DA:36,0
DA:39,0
DA:40,0
DA:41,0
DA:42,0
DA:43,0
DA:44,0
DA:45,0
DA:46,0
DA:47,0
DA:48,0
DA:49,0
DA:50,0
DA:51,0
DA:52,0
DA:53,0
DA:54,0
DA:55,0
DA:56,0
DA:57,0
DA:58,0
DA:59,0
DA:60,0
DA:61,0
DA:62,0
DA:63,0
DA:64,0
DA:65,0
DA:68,0
DA:69,0
DA:71,0
DA:74,0
DA:75,0
DA:76,0
DA:83,0
DA:85,0
DA:86,0
DA:87,0
DA:89,0
DA:90,0
DA:91,0
DA:95,0
DA:98,0
DA:99,0
DA:100,0
DA:101,0
DA:102,0
DA:105,0
DA:106,0
DA:108,0
DA:111,0
DA:112,0
DA:113,0
DA:120,0
DA:122,0
DA:123,0
DA:124,0
DA:126,0
DA:127,0
DA:128,0
DA:129,0
DA:130,0
DA:134,0
DA:137,0
DA:138,0
DA:139,0
DA:140,0
DA:141,0
DA:142,0
DA:143,0
DA:144,0
DA:145,0
DA:148,0
DA:149,0
DA:151,0
DA:154,0
DA:155,0
DA:156,0
DA:163,0
DA:165,0
DA:166,0
DA:167,0
DA:169,0
DA:170,0
DA:171,0
DA:172,0
DA:173,0
DA:174,0
DA:175,0
DA:179,0
DA:182,0
DA:183,0
DA:184,0
DA:185,0
DA:186,0
DA:187,0
DA:188,0
DA:189,0
DA:190,0
DA:191,0
DA:192,0
DA:193,0
DA:194,0
DA:197,0
DA:198,0
DA:200,0
DA:203,0
DA:204,0
DA:205,0
DA:212,0
DA:214,0
DA:215,0
DA:216,0
DA:218,0
DA:219,0
DA:220,0
DA:224,0
DA:227,0
DA:228,0
DA:229,0
DA:230,0
DA:231,0
DA:234,0
DA:235,0
DA:237,0
DA:240,0
DA:241,0
DA:242,0
DA:249,0
DA:251,0
DA:252,0
DA:253,0
DA:255,0
DA:256,0
DA:260,0
DA:263,0
DA:264,0
DA:265,0
DA:268,0
DA:269,0
DA:271,0
DA:274,0
DA:275,0
DA:276,0
DA:283,0
DA:285,0
DA:286,0
DA:287,0
DA:289,0
DA:290,0
DA:291,0
DA:292,0
DA:293,0
DA:294,0
DA:298,0
DA:301,0
DA:302,0
DA:303,0
DA:304,0
DA:305,0
DA:306,0
DA:307,0
DA:308,0
DA:309,0
DA:310,0
DA:311,0
DA:314,0
DA:315,0
DA:317,0
DA:320,0
DA:321,0
DA:322,0
LF:190
LH:0
end_of_record
SF:lib/features/weather_retrieval/data/models/forecast_weather_model.dart
DA:27,4
DA:35,4
DA:36,4
DA:37,4
DA:38,4
DA:39,4
DA:40,4
DA:41,4
DA:42,16
DA:44,12
DA:48,0
DA:49,0
DA:50,0
DA:51,0
DA:52,0
DA:53,0
DA:54,0
DA:56,0
DA:57,0
DA:62,2
DA:63,12
DA:98,4
DA:111,4
DA:112,4
DA:113,4
DA:114,12
DA:115,4
DA:116,20
DA:119,12
DA:120,12
DA:121,4
DA:122,4
DA:123,12
DA:124,12
DA:125,4
DA:129,0
DA:130,0
DA:131,0
DA:132,0
DA:133,0
DA:135,0
DA:136,0
DA:138,0
DA:139,0
DA:141,0
DA:142,0
DA:144,0
DA:145,0
DA:146,0
DA:147,0
DA:149,0
DA:150,0
DA:152,0
DA:156,1
DA:157,10
DA:165,4
DA:167,4
DA:168,8
DA:171,0
DA:172,0
DA:173,0
DA:177,1
DA:178,2
DA:186,4
DA:188,4
DA:189,8
DA:192,0
DA:193,0
DA:194,0
DA:198,0
DA:199,0
DA:228,4
DA:239,4
DA:240,4
DA:241,4
DA:242,4
DA:243,12
DA:244,4
DA:245,4
DA:246,4
DA:247,4
DA:248,4
DA:252,0
DA:253,0
DA:254,0
DA:255,0
DA:256,0
DA:257,0
DA:259,0
DA:260,0
DA:261,0
DA:262,0
DA:263,0
DA:267,1
DA:268,9
LF:95
LH:49
end_of_record
SF:lib/features/weather_retrieval/data/models/forecast_weather_model.g.dart
DA:13,0
DA:15,0
DA:16,0
DA:17,0
DA:19,0
DA:20,0
DA:21,0
DA:22,0
DA:23,0
DA:24,0
DA:28,0
DA:31,0
DA:32,0
DA:33,0
DA:34,0
DA:35,0
DA:36,0
DA:37,0
DA:38,0
DA:39,0
DA:40,0
DA:41,0
DA:44,0
DA:45,0
DA:47,0
DA:50,0
DA:51,0
DA:52,0
DA:59,0
DA:61,0
DA:62,0
DA:63,0
DA:65,0
DA:66,0
DA:67,0
DA:68,0
DA:69,0
DA:70,0
DA:71,0
DA:72,0
DA:73,0
DA:74,0
DA:75,0
DA:79,0
DA:82,0
DA:83,0
DA:84,0
DA:85,0
DA:86,0
DA:87,0
DA:88,0
DA:89,0
DA:90,0
DA:91,0
DA:92,0
DA:93,0
DA:94,0
DA:95,0
DA:96,0
DA:97,0
DA:98,0
DA:99,0
DA:100,0
DA:101,0
DA:102,0
DA:105,0
DA:106,0
DA:108,0
DA:111,0
DA:112,0
DA:113,0
DA:120,0
DA:122,0
DA:123,0
DA:124,0
DA:126,0
DA:127,0
DA:131,0
DA:134,0
DA:135,0
DA:136,0
DA:139,0
DA:140,0
DA:142,0
DA:145,0
DA:146,0
DA:147,0
DA:154,0
DA:156,0
DA:157,0
DA:158,0
DA:160,0
DA:161,0
DA:165,0
DA:168,0
DA:169,0
DA:170,0
DA:173,0
DA:174,0
DA:176,0
DA:179,0
DA:180,0
DA:181,0
DA:188,0
DA:190,0
DA:191,0
DA:192,0
DA:194,0
DA:195,0
DA:196,0
DA:197,0
DA:198,0
DA:199,0
DA:200,0
DA:201,0
DA:202,0
DA:206,0
DA:209,0
DA:210,0
DA:211,0
DA:212,0
DA:213,0
DA:214,0
DA:215,0
DA:216,0
DA:217,0
DA:218,0
DA:219,0
DA:220,0
DA:221,0
DA:222,0
DA:223,0
DA:224,0
DA:225,0
DA:228,0
DA:229,0
DA:231,0
DA:234,0
DA:235,0
DA:236,0
LF:140
LH:0
end_of_record
SF:lib/core/error/failures.dart
DA:4,1
DA:5,1
LF:2
LH:2
end_of_record
SF:lib/features/weather_retrieval/data/datasources/weather_local_data_source.dart
DA:39,1
DA:41,1
DA:43,2
DA:45,1
DA:47,1
DA:52,1
DA:54,2
DA:57,1
DA:59,4
DA:62,1
DA:64,2
DA:66,1
DA:68,1
DA:72,1
DA:74,7
DA:77,1
DA:80,2
DA:82,1
DA:83,2
DA:84,3
DA:85,1
DA:86,1
DA:89,3
DA:90,1
DA:94,1
LF:25
LH:25
end_of_record
SF:lib/features/weather_retrieval/data/repositories/weather_repository_impl.dart
DA:19,1
DA:21,1
DA:23,2
DA:25,2
DA:26,2
DA:27,1
DA:28,1
DA:29,2
DA:33,2
DA:34,1
DA:35,1
DA:36,2
DA:41,1
DA:43,2
DA:45,2
DA:46,2
DA:47,1
DA:48,1
DA:49,2
DA:53,2
DA:54,1
DA:55,1
DA:56,2
DA:61,1
DA:63,1
DA:64,2
DA:65,2
DA:66,2
DA:67,1
DA:71,1
DA:72,2
DA:73,1
DA:75,3
DA:76,2
DA:82,2
DA:83,1
DA:84,1
DA:85,2
LF:38
LH:38
end_of_record
SF:lib/features/weather_retrieval/presentation/bloc/weather_event.dart
DA:8,2
DA:9,1
DA:10,2
DA:15,2
DA:16,1
DA:17,2
DA:21,2
DA:22,1
DA:23,1
LF:9
LH:9
end_of_record
SF:lib/features/weather_retrieval/presentation/bloc/weather_state.dart
DA:13,1
DA:22,1
DA:30,1
DA:31,1
DA:32,1
DA:33,1
DA:35,1
DA:37,1
DA:38,1
DA:42,1
DA:44,1
DA:45,1
DA:46,1
DA:47,1
DA:48,1
DA:49,3
DA:50,2
DA:51,1
LF:18
LH:18
end_of_record
SF:lib/features/weather_retrieval/presentation/bloc/weather_bloc.dart
DA:19,3
DA:20,2
DA:21,2
DA:22,2
DA:24,1
DA:26,3
DA:27,3
DA:28,4
DA:30,1
DA:32,3
DA:33,3
DA:34,4
DA:37,1
DA:39,3
DA:40,2
DA:41,4
LF:16
LH:16
end_of_record
SF:lib/main.dart
DA:5,0
DA:6,0
DA:7,0
DA:8,0
DA:12,1
DA:15,0
DA:17,0
DA:19,0
LF:8
LH:1
end_of_record
SF:lib/core/injectable_module.dart
DA:15,0
DA:16,0
DA:18,0
DA:19,0
DA:22,0
DA:25,0
DA:29,0
DA:30,0
DA:31,0
DA:32,0
DA:33,0
DA:34,0
DA:35,0
DA:36,0
DA:37,0
DA:38,0
DA:39,0
DA:40,0
DA:42,0
DA:46,0
DA:49,0
DA:51,0
DA:54,0
DA:57,0
DA:60,0
LF:25
LH:0
end_of_record
SF:lib/features/weather_retrieval/presentation/screens/current_weather_listing_screen.dart
DA:10,1
DA:12,0
DA:14,0
DA:15,0
DA:16,0
DA:17,0
DA:24,1
DA:26,0
DA:28,0
DA:35,0
DA:37,0
DA:40,0
DA:41,0
DA:42,0
DA:43,0
DA:44,0
DA:45,0
DA:46,0
DA:47,0
DA:51,0
DA:52,0
DA:53,0
DA:57,0
DA:58,0
DA:59,0
DA:60,0
DA:61,0
DA:62,0
DA:63,0
DA:64,0
DA:65,0
DA:66,0
DA:70,0
DA:71,0
DA:73,0
DA:74,0
DA:75,0
DA:76,0
DA:77,0
DA:78,0
DA:79,0
DA:81,0
DA:82,0
LF:43
LH:2
end_of_record
SF:lib/injection.dart
DA:7,0
DA:9,0
DA:14,0
LF:3
LH:0
end_of_record
SF:lib/features/weather_retrieval/presentation/screens/forecast_weather_listing_screen.dart
DA:11,0
DA:12,0
DA:14,0
DA:15,0
DA:21,0
DA:23,0
DA:24,0
DA:25,0
DA:26,0
DA:29,0
DA:30,0
DA:31,0
DA:32,0
DA:33,0
DA:34,0
DA:35,0
DA:36,0
DA:40,0
DA:41,0
DA:42,0
DA:46,0
DA:47,0
DA:48,0
DA:49,0
DA:50,0
DA:51,0
DA:52,0
DA:54,0
DA:55,0
DA:56,0
DA:57,0
DA:58,0
DA:59,0
DA:60,0
DA:61,0
DA:63,0
LF:36
LH:0
end_of_record
SF:lib/features/weather_retrieval/presentation/screens/widgets/loading_indicator_widget.dart
DA:5,1
DA:7,0
DA:9,0
DA:11,0
DA:12,0
DA:13,0
LF:6
LH:1
end_of_record
